2023-03-14 07:48:25:882 [Appium] Welcome to Appium v2.0.0-beta.52
2023-03-14 07:48:25:890 [Appium] Non-default server args:
2023-03-14 07:48:25:896 [Appium] { sessionOverride: true }
2023-03-14 07:48:25:897 [Appium] Attempting to load driver uiautomator2...
2023-03-14 07:48:25:901 [Appium] Requiring driver at C:\Users\Pavan\.appium\node_modules\appium-uiautomator2-driver
2023-03-14 07:48:29:288 [Appium] Appium REST http interface listener started on 0.0.0.0:4723
2023-03-14 07:48:29:290 [Appium] Available drivers:
2023-03-14 07:48:29:291 [Appium]   - uiautomator2@2.12.2 (automationName 'UiAutomator2')
2023-03-14 07:48:29:292 [Appium] No plugins have been installed. Use the "appium plugin" command to install the one(s) you want to use.
2023-03-14 07:48:29:626 [HTTP] --> GET /status
2023-03-14 07:48:29:627 [HTTP] {}
2023-03-14 07:48:29:630 [AppiumDriver@8785] Calling AppiumDriver.getStatus() with args: []
2023-03-14 07:48:29:637 [AppiumDriver@8785] Responding to client with driver.getStatus() result: {"build":{"version":"2.0.0-beta.52"}}
2023-03-14 07:48:29:665 [HTTP] <-- GET /status 200 22 ms - 47
2023-03-14 07:48:29:665 [HTTP] 
2023-03-14 07:48:31:969 [HTTP] Request idempotency key: 66efac3e-f6eb-4633-a1f8-698074b0de6f
2023-03-14 07:48:32:002 [HTTP] --> POST /session
2023-03-14 07:48:32:003 [HTTP] {"capabilities":{"firstMatch":[{}],"alwaysMatch":{"appium:appActivity":".ApiDemos","appium:appPackage":"io.appium.android.apis","appium:automationName":"uiautomator2","appium:deviceName":"Samsung","appium:platformVersion":"12","appium:udid":"RZ8N91KGFEH","platformName":"android"}}}
2023-03-14 07:48:32:004 [AppiumDriver@8785] Calling AppiumDriver.createSession() with args: [null,null,{"firstMatch":[{}],"alwaysMatch":{"appium:appActivity":".ApiDemos","appium:appPackage":"io.appium.android.apis","appium:automationName":"uiautomator2","appium:deviceName":"Samsung","appium:platformVersion":"12","appium:udid":"RZ8N91KGFEH","platformName":"android"}}]
2023-03-14 07:48:32:006 [AppiumDriver@8785] Event 'newSessionRequested' logged at 1678780112005 (13:18:32 GMT+0530 (India Standard Time))
2023-03-14 07:48:32:013 [Appium] Attempting to find matching driver for automationName 'uiautomator2' and platformName 'android'
2023-03-14 07:48:32:013 [Appium] The 'uiautomator2' driver was installed and matched caps.
2023-03-14 07:48:32:013 [Appium] Will require it at C:\Users\Pavan\.appium\node_modules\appium-uiautomator2-driver
2023-03-14 07:48:32:014 [Appium] Requiring driver at C:\Users\Pavan\.appium\node_modules\appium-uiautomator2-driver
2023-03-14 07:48:32:014 [AppiumDriver@8785] Appium v2.0.0-beta.52 creating new AndroidUiautomator2Driver (v2.12.2) session
2023-03-14 07:48:32:014 [AppiumDriver@8785] Checking BaseDriver versions for Appium and AndroidUiautomator2Driver
2023-03-14 07:48:32:014 [AppiumDriver@8785] Appium's BaseDriver version is 9.2.3
2023-03-14 07:48:32:015 [AppiumDriver@8785] AndroidUiautomator2Driver's BaseDriver version is 9.2.3
2023-03-14 07:48:32:015 [AppiumDriver@8785] There are no active sessions for cleanup
2023-03-14 07:48:32:019 [AndroidUiautomator2Driver@8d6a] Creating session with W3C capabilities: {
2023-03-14 07:48:32:020 [AndroidUiautomator2Driver@8d6a]   "alwaysMatch": {
2023-03-14 07:48:32:020 [AndroidUiautomator2Driver@8d6a]     "platformName": "android",
2023-03-14 07:48:32:020 [AndroidUiautomator2Driver@8d6a]     "appium:appActivity": ".ApiDemos",
2023-03-14 07:48:32:020 [AndroidUiautomator2Driver@8d6a]     "appium:appPackage": "io.appium.android.apis",
2023-03-14 07:48:32:020 [AndroidUiautomator2Driver@8d6a]     "appium:automationName": "uiautomator2",
2023-03-14 07:48:32:021 [AndroidUiautomator2Driver@8d6a]     "appium:deviceName": "Samsung",
2023-03-14 07:48:32:021 [AndroidUiautomator2Driver@8d6a]     "appium:platformVersion": "12",
2023-03-14 07:48:32:021 [AndroidUiautomator2Driver@8d6a]     "appium:udid": "RZ8N91KGFEH"
2023-03-14 07:48:32:021 [AndroidUiautomator2Driver@8d6a]   },
2023-03-14 07:48:32:021 [AndroidUiautomator2Driver@8d6a]   "firstMatch": [
2023-03-14 07:48:32:022 [AndroidUiautomator2Driver@8d6a]     {}
2023-03-14 07:48:32:022 [AndroidUiautomator2Driver@8d6a]   ]
2023-03-14 07:48:32:022 [AndroidUiautomator2Driver@8d6a] }
2023-03-14 07:48:32:039 [AndroidUiautomator2Driver@8d6a (ec7138d7)] Session created with session id: ec7138d7-f85c-4e7e-8f3f-87dafc984d34
2023-03-14 07:48:32:040 [AndroidUiautomator2Driver@8d6a (ec7138d7)] Starting 'io.appium.android.apis' directly on the device
2023-03-14 07:48:32:086 [ADB] Found 2 'build-tools' folders under 'C:\Users\Pavan\AppData\Local\Android\Sdk' (newest first):
2023-03-14 07:48:32:086 [ADB]     C:/Users/Pavan/AppData/Local/Android/Sdk/build-tools/33.0.0
2023-03-14 07:48:32:087 [ADB]     C:/Users/Pavan/AppData/Local/Android/Sdk/build-tools/30.0.3
2023-03-14 07:48:32:087 [ADB] Using 'adb.exe' from 'C:\Users\Pavan\AppData\Local\Android\Sdk\platform-tools\adb.exe'
2023-03-14 07:48:32:089 [ADB] Running 'C:\Users\Pavan\AppData\Local\Android\Sdk\platform-tools\adb.exe -P 5037 start-server'
2023-03-14 07:48:32:168 [AndroidDriver] Retrieving device list
2023-03-14 07:48:32:169 [ADB] Trying to find a connected android device
2023-03-14 07:48:32:171 [ADB] Getting connected devices
2023-03-14 07:48:32:239 [ADB] Connected devices: [{"udid":"RZ8N91KGFEH","state":"device"}]
2023-03-14 07:48:32:241 [AndroidDriver] Using device: RZ8N91KGFEH
2023-03-14 07:48:32:245 [ADB] Using 'adb.exe' from 'C:\Users\Pavan\AppData\Local\Android\Sdk\platform-tools\adb.exe'
2023-03-14 07:48:32:245 [ADB] Running 'C:\Users\Pavan\AppData\Local\Android\Sdk\platform-tools\adb.exe -P 5037 start-server'
2023-03-14 07:48:32:295 [ADB] Setting device id to RZ8N91KGFEH
2023-03-14 07:48:32:296 [ADB] Running 'C:\Users\Pavan\AppData\Local\Android\Sdk\platform-tools\adb.exe -P 5037 -s RZ8N91KGFEH shell getprop ro.build.version.sdk'
2023-03-14 07:48:32:423 [ADB] Current device property 'ro.build.version.sdk': 31
2023-03-14 07:48:32:424 [ADB] Getting device platform version
2023-03-14 07:48:32:424 [ADB] Running 'C:\Users\Pavan\AppData\Local\Android\Sdk\platform-tools\adb.exe -P 5037 -s RZ8N91KGFEH shell getprop ro.build.version.release'
2023-03-14 07:48:32:508 [ADB] Current device property 'ro.build.version.release': 12
2023-03-14 07:48:32:508 [ADB] Device API level: 31
2023-03-14 07:48:32:509 [AndroidUiautomator2Driver@8d6a (ec7138d7)] Relaxing hidden api policy
2023-03-14 07:48:32:510 [ADB] Running 'C:\Users\Pavan\AppData\Local\Android\Sdk\platform-tools\adb.exe -P 5037 -s RZ8N91KGFEH shell 'settings put global hidden_api_policy_pre_p_apps 1;settings put global hidden_api_policy_p_apps 1;settings put global hidden_api_policy 1''
2023-03-14 07:48:32:848 [AndroidDriver] No app sent in, not parsing package/activity
2023-03-14 07:48:32:849 [ADB] Running 'C:\Users\Pavan\AppData\Local\Android\Sdk\platform-tools\adb.exe -P 5037 -s RZ8N91KGFEH wait-for-device'
2023-03-14 07:48:32:907 [ADB] Running 'C:\Users\Pavan\AppData\Local\Android\Sdk\platform-tools\adb.exe -P 5037 -s RZ8N91KGFEH shell echo ping'
2023-03-14 07:48:32:995 [AndroidDriver] Pushing settings apk to device...
2023-03-14 07:48:32:997 [ADB] Getting install status for io.appium.settings
2023-03-14 07:48:32:998 [ADB] Running 'C:\Users\Pavan\AppData\Local\Android\Sdk\platform-tools\adb.exe -P 5037 -s RZ8N91KGFEH shell dumpsys package io.appium.settings'
2023-03-14 07:48:33:444 [ADB] 'io.appium.settings' is installed
2023-03-14 07:48:33:445 [ADB] Getting package info for 'io.appium.settings'
2023-03-14 07:48:33:446 [ADB] Running 'C:\Users\Pavan\AppData\Local\Android\Sdk\platform-tools\adb.exe -P 5037 -s RZ8N91KGFEH shell dumpsys package io.appium.settings'
2023-03-14 07:48:33:642 [ADB] The version name of the installed 'io.appium.settings' is greater or equal to the application version name ('5.0.2' >= '5.0.2')
2023-03-14 07:48:33:644 [ADB] There is no need to install/upgrade 'C:\Users\Pavan\.appium\node_modules\appium-uiautomator2-driver\node_modules\io.appium.settings\apks\settings_apk-debug.apk'
2023-03-14 07:48:33:645 [ADB] Getting IDs of all 'io.appium.settings' processes
2023-03-14 07:48:33:646 [ADB] Running 'C:\Users\Pavan\AppData\Local\Android\Sdk\platform-tools\adb.exe -P 5037 -s RZ8N91KGFEH shell 'pgrep --help; echo $?''
2023-03-14 07:48:33:768 [ADB] Running 'C:\Users\Pavan\AppData\Local\Android\Sdk\platform-tools\adb.exe -P 5037 -s RZ8N91KGFEH shell pgrep -f \(\[\[:blank:\]\]\|\^\)io\.appium\.settings\(\[\[:blank:\]\]\|\$\)'
2023-03-14 07:48:33:920 [AndroidDriver] io.appium.settings is already running. There is no need to reset its permissions.
2023-03-14 07:48:33:921 [ADB] Running 'C:\Users\Pavan\AppData\Local\Android\Sdk\platform-tools\adb.exe -P 5037 -s RZ8N91KGFEH shell appops set io.appium.settings android:mock_location allow'
2023-03-14 07:48:34:032 [ADB] Running 'C:\Users\Pavan\AppData\Local\Android\Sdk\platform-tools\adb.exe -P 5037 -s RZ8N91KGFEH shell "[ -e '/data/local/tmp/mock_apps.json' ] && echo __PASS__"'
2023-03-14 07:48:34:108 [ADB] Running 'C:\Users\Pavan\AppData\Local\Android\Sdk\platform-tools\adb.exe -P 5037 -s RZ8N91KGFEH shell cat /data/local/tmp/mock_apps.json'
2023-03-14 07:48:34:212 [Logcat] Starting logs capture with command: C:\\Users\\Pavan\\AppData\\Local\\Android\\Sdk\\platform-tools\\adb.exe -P 5037 -s RZ8N91KGFEH logcat -v threadtime
2023-03-14 07:48:34:344 [AndroidUiautomator2Driver@8d6a (ec7138d7)] Forwarding UiAutomator2 Server port 6790 to local port 8201
2023-03-14 07:48:34:347 [ADB] Forwarding system: 8201 to device: 6790
2023-03-14 07:48:34:347 [ADB] Running 'C:\Users\Pavan\AppData\Local\Android\Sdk\platform-tools\adb.exe -P 5037 -s RZ8N91KGFEH forward tcp:8201 tcp:6790'
2023-03-14 07:48:34:419 [ADB] Getting install status for io.appium.uiautomator2.server
2023-03-14 07:48:34:420 [ADB] Running 'C:\Users\Pavan\AppData\Local\Android\Sdk\platform-tools\adb.exe -P 5037 -s RZ8N91KGFEH shell dumpsys package io.appium.uiautomator2.server'
2023-03-14 07:48:34:552 [ADB] 'io.appium.uiautomator2.server' is installed
2023-03-14 07:48:34:553 [ADB] Getting package info for 'io.appium.uiautomator2.server'
2023-03-14 07:48:34:554 [ADB] Running 'C:\Users\Pavan\AppData\Local\Android\Sdk\platform-tools\adb.exe -P 5037 -s RZ8N91KGFEH shell dumpsys package io.appium.uiautomator2.server'
2023-03-14 07:48:35:598 [ADB] The version name of the installed 'io.appium.uiautomator2.server' is greater or equal to the application version name ('5.7.6' >= '5.7.6')
2023-03-14 07:48:35:599 [AndroidUiautomator2Driver@8d6a (ec7138d7)] io.appium.uiautomator2.server installation state: sameVersionInstalled
2023-03-14 07:48:35:600 [ADB] Checking app cert for C:\Users\Pavan\.appium\node_modules\appium-uiautomator2-driver\node_modules\appium-uiautomator2-server\apks\appium-uiautomator2-server-v5.7.6.apk
2023-03-14 07:48:35:707 [ADB] Using 'apksigner.jar' from 'C:\Users\Pavan\AppData\Local\Android\Sdk\build-tools\33.0.0\lib\apksigner.jar'
2023-03-14 07:48:35:713 [ADB] Starting apksigner: 'C:\\Program Files\\Java\\jdk-11.0.16\\bin\\java.exe' -Xmx1024M -Xss1m -jar C:\\Users\\Pavan\\AppData\\Local\\Android\\Sdk\\build-tools\\33.0.0\\lib\\apksigner.jar verify --print-certs C:\\Users\\Pavan\\.appium\\node_modules\\appium-uiautomator2-driver\\node_modules\\appium-uiautomator2-server\\apks\\appium-uiautomator2-server-v5.7.6.apk
2023-03-14 07:48:37:927 [ADB] apksigner stdout: Signer #1 certificate DN: EMAILADDRESS=android@android.com, CN=Android, OU=Android, O=Android, L=Mountain View, ST=California, C=US
2023-03-14 07:48:37:927 [ADB] Signer #1 certificate SHA-256 digest: a40da80a59d170caa950cf15c18c454d47a39b26989d8b640ecd745ba71bf5dc
2023-03-14 07:48:37:927 [ADB] Signer #1 certificate SHA-1 digest: 61ed377e85d386a8dfee6b864bd85b0bfaa5af81
2023-03-14 07:48:37:928 [ADB] Signer #1 certificate MD5 digest: e89b158e4bcf988ebd09eb83f5378e87
2023-03-14 07:48:37:928 [ADB] 
2023-03-14 07:48:37:929 [ADB] sha256 hash did match for 'appium-uiautomator2-server-v5.7.6.apk'
2023-03-14 07:48:37:929 [ADB] 'C:\Users\Pavan\.appium\node_modules\appium-uiautomator2-driver\node_modules\appium-uiautomator2-server\apks\appium-uiautomator2-server-v5.7.6.apk' is signed with the default certificate
2023-03-14 07:48:37:930 [ADB] Getting install status for io.appium.uiautomator2.server.test
2023-03-14 07:48:37:930 [ADB] Running 'C:\Users\Pavan\AppData\Local\Android\Sdk\platform-tools\adb.exe -P 5037 -s RZ8N91KGFEH shell dumpsys package io.appium.uiautomator2.server.test'
2023-03-14 07:48:38:139 [ADB] 'io.appium.uiautomator2.server.test' is installed
2023-03-14 07:48:38:140 [ADB] Checking app cert for C:\Users\Pavan\.appium\node_modules\appium-uiautomator2-driver\node_modules\appium-uiautomator2-server\apks\appium-uiautomator2-server-debug-androidTest.apk
2023-03-14 07:48:38:154 [ADB] Starting apksigner: 'C:\\Program Files\\Java\\jdk-11.0.16\\bin\\java.exe' -Xmx1024M -Xss1m -jar C:\\Users\\Pavan\\AppData\\Local\\Android\\Sdk\\build-tools\\33.0.0\\lib\\apksigner.jar verify --print-certs C:\\Users\\Pavan\\.appium\\node_modules\\appium-uiautomator2-driver\\node_modules\\appium-uiautomator2-server\\apks\\appium-uiautomator2-server-debug-androidTest.apk
2023-03-14 07:48:39:236 [ADB] apksigner stdout: Signer #1 certificate DN: EMAILADDRESS=android@android.com, CN=Android, OU=Android, O=Android, L=Mountain View, ST=California, C=US
2023-03-14 07:48:39:236 [ADB] Signer #1 certificate SHA-256 digest: a40da80a59d170caa950cf15c18c454d47a39b26989d8b640ecd745ba71bf5dc
2023-03-14 07:48:39:236 [ADB] Signer #1 certificate SHA-1 digest: 61ed377e85d386a8dfee6b864bd85b0bfaa5af81
2023-03-14 07:48:39:237 [ADB] Signer #1 certificate MD5 digest: e89b158e4bcf988ebd09eb83f5378e87
2023-03-14 07:48:39:237 [ADB] 
2023-03-14 07:48:39:237 [ADB] sha256 hash did match for 'appium-uiautomator2-server-debug-androidTest.apk'
2023-03-14 07:48:39:237 [ADB] 'C:\Users\Pavan\.appium\node_modules\appium-uiautomator2-driver\node_modules\appium-uiautomator2-server\apks\appium-uiautomator2-server-debug-androidTest.apk' is signed with the default certificate
2023-03-14 07:48:39:237 [AndroidUiautomator2Driver@8d6a (ec7138d7)] Server packages are not going to be (re)installed
2023-03-14 07:48:39:246 [AndroidUiautomator2Driver@8d6a (ec7138d7)] Waiting up to 30000ms for services to be available
2023-03-14 07:48:39:247 [ADB] Running 'C:\Users\Pavan\AppData\Local\Android\Sdk\platform-tools\adb.exe -P 5037 -s RZ8N91KGFEH shell pm list instrumentation'
2023-03-14 07:48:39:453 [AndroidUiautomator2Driver@8d6a (ec7138d7)] Instrumentation target 'io.appium.uiautomator2.server.test/androidx.test.runner.AndroidJUnitRunner' is available
2023-03-14 07:48:39:458 [ADB] Adding packages ["io.appium.settings","io.appium.uiautomator2.server","io.appium.uiautomator2.server.test"] to Doze whitelist
2023-03-14 07:48:39:459 [ADB] Got the following command chunks to execute: [["dumpsys","deviceidle","whitelist","+io.appium.settings",";","dumpsys","deviceidle","whitelist","+io.appium.uiautomator2.server",";","dumpsys","deviceidle","whitelist","+io.appium.uiautomator2.server.test",";"]]
2023-03-14 07:48:39:460 [ADB] Running 'C:\Users\Pavan\AppData\Local\Android\Sdk\platform-tools\adb.exe -P 5037 -s RZ8N91KGFEH shell dumpsys deviceidle whitelist +io.appium.settings ; dumpsys deviceidle whitelist +io.appium.uiautomator2.server ; dumpsys deviceidle whitelist +io.appium.uiautomator2.server.test ;'
2023-03-14 07:48:39:645 [AndroidUiautomator2Driver@8d6a (ec7138d7)] No app capability. Assuming it is already on the device
2023-03-14 07:48:39:645 [ADB] Getting install status for io.appium.android.apis
2023-03-14 07:48:39:646 [ADB] Running 'C:\Users\Pavan\AppData\Local\Android\Sdk\platform-tools\adb.exe -P 5037 -s RZ8N91KGFEH shell dumpsys package io.appium.android.apis'
2023-03-14 07:48:39:782 [ADB] 'io.appium.android.apis' is installed
2023-03-14 07:48:39:783 [ADB] Running 'C:\Users\Pavan\AppData\Local\Android\Sdk\platform-tools\adb.exe -P 5037 -s RZ8N91KGFEH shell am force-stop io.appium.android.apis'
2023-03-14 07:48:40:021 [ADB] Running 'C:\Users\Pavan\AppData\Local\Android\Sdk\platform-tools\adb.exe -P 5037 -s RZ8N91KGFEH shell pm clear io.appium.android.apis'
2023-03-14 07:48:40:432 [AndroidDriver] Performed fast reset on the installed 'io.appium.android.apis' application (stop and clear)
2023-03-14 07:48:40:434 [AndroidUiautomator2Driver@8d6a (ec7138d7)] Performing shallow cleanup of automation leftovers
2023-03-14 07:48:40:519 [AndroidUiautomator2Driver@8d6a (ec7138d7)] The following obsolete sessions are still running: ["87653f2b-c802-4166-88ef-446d402abaf1"]
2023-03-14 07:48:40:524 [AndroidUiautomator2Driver@8d6a (ec7138d7)] Cleaning up 1 obsolete session
2023-03-14 07:48:41:574 [ADB] Running 'C:\Users\Pavan\AppData\Local\Android\Sdk\platform-tools\adb.exe -P 5037 -s RZ8N91KGFEH shell am force-stop io.appium.uiautomator2.server.test'
2023-03-14 07:48:41:945 [AndroidUiautomator2Driver@8d6a (ec7138d7)] Starting UIAutomator2 server 5.7.6
2023-03-14 07:48:41:945 [AndroidUiautomator2Driver@8d6a (ec7138d7)] Using UIAutomator2 server from 'C:\Users\Pavan\.appium\node_modules\appium-uiautomator2-driver\node_modules\appium-uiautomator2-server\apks\appium-uiautomator2-server-v5.7.6.apk' and test from 'C:\Users\Pavan\.appium\node_modules\appium-uiautomator2-driver\node_modules\appium-uiautomator2-server\apks\appium-uiautomator2-server-debug-androidTest.apk'
2023-03-14 07:48:41:945 [AndroidUiautomator2Driver@8d6a (ec7138d7)] Waiting up to 30000ms for UiAutomator2 to be online...
2023-03-14 07:48:41:946 [ADB] Creating ADB subprocess with args: ["-P",5037,"-s","RZ8N91KGFEH","shell","am","instrument","-w","-e","disableAnalytics",true,"io.appium.uiautomator2.server.test/androidx.test.runner.AndroidJUnitRunner"]
2023-03-14 07:48:41:965 [AndroidUiautomator2Driver@8d6a (ec7138d7)] Matched '/status' to command name 'getStatus'
2023-03-14 07:48:41:969 [AndroidUiautomator2Driver@8d6a (ec7138d7)] Proxying [GET /status] to [GET http://127.0.0.1:8201/status] with no body
2023-03-14 07:48:41:996 [AndroidUiautomator2Driver@8d6a (ec7138d7)] socket hang up
2023-03-14 07:48:43:007 [AndroidUiautomator2Driver@8d6a (ec7138d7)] Matched '/status' to command name 'getStatus'
2023-03-14 07:48:43:008 [AndroidUiautomator2Driver@8d6a (ec7138d7)] Proxying [GET /status] to [GET http://127.0.0.1:8201/status] with no body
2023-03-14 07:48:43:023 [AndroidUiautomator2Driver@8d6a (ec7138d7)] socket hang up
2023-03-14 07:48:44:028 [AndroidUiautomator2Driver@8d6a (ec7138d7)] Matched '/status' to command name 'getStatus'
2023-03-14 07:48:44:030 [AndroidUiautomator2Driver@8d6a (ec7138d7)] Proxying [GET /status] to [GET http://127.0.0.1:8201/status] with no body
2023-03-14 07:48:44:041 [AndroidUiautomator2Driver@8d6a (ec7138d7)] socket hang up
2023-03-14 07:48:45:041 [AndroidUiautomator2Driver@8d6a (ec7138d7)] Matched '/status' to command name 'getStatus'
2023-03-14 07:48:45:042 [AndroidUiautomator2Driver@8d6a (ec7138d7)] Proxying [GET /status] to [GET http://127.0.0.1:8201/status] with no body
2023-03-14 07:48:45:055 [AndroidUiautomator2Driver@8d6a (ec7138d7)] socket hang up
2023-03-14 07:48:46:064 [AndroidUiautomator2Driver@8d6a (ec7138d7)] Matched '/status' to command name 'getStatus'
2023-03-14 07:48:46:065 [AndroidUiautomator2Driver@8d6a (ec7138d7)] Proxying [GET /status] to [GET http://127.0.0.1:8201/status] with no body
2023-03-14 07:48:46:084 [AndroidUiautomator2Driver@8d6a (ec7138d7)] socket hang up
2023-03-14 07:48:47:089 [AndroidUiautomator2Driver@8d6a (ec7138d7)] Matched '/status' to command name 'getStatus'
2023-03-14 07:48:47:092 [AndroidUiautomator2Driver@8d6a (ec7138d7)] Proxying [GET /status] to [GET http://127.0.0.1:8201/status] with no body
2023-03-14 07:48:47:114 [AndroidUiautomator2Driver@8d6a (ec7138d7)] socket hang up
2023-03-14 07:48:47:516 [Instrumentation] io.appium.uiautomator2.server.test.AppiumUiAutomator2Server:
2023-03-14 07:48:48:130 [AndroidUiautomator2Driver@8d6a (ec7138d7)] Matched '/status' to command name 'getStatus'
2023-03-14 07:48:48:132 [AndroidUiautomator2Driver@8d6a (ec7138d7)] Proxying [GET /status] to [GET http://127.0.0.1:8201/status] with no body
2023-03-14 07:48:48:146 [AndroidUiautomator2Driver@8d6a (ec7138d7)] socket hang up
2023-03-14 07:48:49:149 [AndroidUiautomator2Driver@8d6a (ec7138d7)] Matched '/status' to command name 'getStatus'
2023-03-14 07:48:49:150 [AndroidUiautomator2Driver@8d6a (ec7138d7)] Proxying [GET /status] to [GET http://127.0.0.1:8201/status] with no body
2023-03-14 07:48:49:305 [AndroidUiautomator2Driver@8d6a (ec7138d7)] Got response with status 200: {"sessionId":"None","value":{"message":"UiAutomator2 Server is ready to accept commands","ready":true}}
2023-03-14 07:48:49:306 [AndroidUiautomator2Driver@8d6a (ec7138d7)] The initialization of the instrumentation process took 7360ms
2023-03-14 07:48:49:307 [AndroidUiautomator2Driver@8d6a (ec7138d7)] Matched '/session' to command name 'createSession'
2023-03-14 07:48:49:307 [AndroidUiautomator2Driver@8d6a (ec7138d7)] Proxying [POST /session] to [POST http://127.0.0.1:8201/session] with body: {"capabilities":{"firstMatch":[{"platform":"LINUX","webStorageEnabled":false,"takesScreenshot":true,"javascriptEnabled":true,"databaseEnabled":false,"networkConnectionEnabled":true,"locationContextEnabled":false,"warnings":{},"desired":{"platformName":"android","appActivity":".ApiDemos","appPackage":"io.appium.android.apis","automationName":"uiautomator2","deviceName":"Samsung","platformVersion":"12","udid":"RZ8N91KGFEH"},"platformName":"android","appActivity":".ApiDemos","appPackage":"io.appium.android.apis","automationName":"uiautomator2","deviceName":"RZ8N91KGFEH","platformVersion":"12","udid":"RZ8N91KGFEH","deviceUDID":"RZ8N91KGFEH"}],"alwaysMatch":{}}}
2023-03-14 07:48:49:414 [AndroidUiautomator2Driver@8d6a (ec7138d7)] Got response with status 200: {"sessionId":"2a212920-64bc-4f2c-a9ca-6f91cc52fc19","value":{"capabilities":{"firstMatch":[{"platform":"LINUX","webStorageEnabled":false,"takesScreenshot":true,"javascriptEnabled":true,"databaseEnabled":false,"networkConnectionEnabled":true,"locationContextEnabled":false,"warnings":{},"desired":{"platformName":"android","appActivity":".ApiDemos","appPackage":"io.appium.android.apis","automationName":"uiautomator2","deviceName":"Samsung","platformVersion":"12","udid":"RZ8N91KGFEH"},"platformName":"android","appActivity":".ApiDemos","appPackage":"io.appium.android.apis","automationName":"uiautomator2","deviceName":"RZ8N91KGFEH","platformVersion":"12","udid":"RZ8N91KGFEH","deviceUDID":"RZ8N91KGFEH"}],"alwaysMatch":{}},"sessionId":"2a212920-64bc-4f2c-a9ca-6f91cc52fc19"}}
2023-03-14 07:48:49:415 [AndroidUiautomator2Driver@8d6a (ec7138d7)] Determined the downstream protocol as 'W3C'
2023-03-14 07:48:49:447 [AndroidUiautomator2Driver@8d6a (ec7138d7)] Proxying [GET /appium/device/info] to [GET http://127.0.0.1:8201/session/2a212920-64bc-4f2c-a9ca-6f91cc52fc19/appium/device/info] with no body
2023-03-14 07:48:49:709 [AndroidUiautomator2Driver@8d6a (ec7138d7)] Got response with status 200: {"sessionId":"2a212920-64bc-4f2c-a9ca-6f91cc52fc19","value":{"androidId":"129d590666e94c2e","apiVersion":"31","bluetooth":{"state":"OFF"},"brand":"samsung","carrierName":"Airtel","displayDensity":420,"locale":"en_GB","manufacturer":"samsung","model":"SM-M515F","networks":[{"capabilities":{"SSID":null,"linkDownBandwidthKbps":35077,"linkUpstreamBandwidthKbps":9448,"networkCapabilities":"NET_CAPABILITY_NOT_METERED,NET_CAPABILITY_INTERNET,NET_CAPABILITY_NOT_RESTRICTED,NET_CAPABILITY_TRUSTED,NET_CAPABILITY_VALIDATED,NET_CAPABILITY_NOT_ROAMING,NET_CAPABILITY_FOREGROUND,NET_CAPABILITY_NOT_CONGESTED,NET_CAPABILITY_NOT_SUSPENDED","signalStrength":-2147483648,"transportTypes":"TRANSPORT_WIFI,TRANSPORT_VPN"},"detailedState":"CONNECTED","extraInfo":"","isAvailable":true,"isConnected":true,"isFailover":false,"isRoaming":false,"state":"CONNECTED","subtype":-1,"subtypeName":"","type":17,"typeName":"VPN"},{"capabilities":{"SSID":null,"linkDownBandwidthKbps":7270,"linkUpstreamBandwidthKbps":15000,"networkCapabilities":"NET...
2023-03-14 07:48:49:710 [ADB] Running 'C:\Users\Pavan\AppData\Local\Android\Sdk\platform-tools\adb.exe -P 5037 -s RZ8N91KGFEH shell dumpsys window'
2023-03-14 07:48:50:153 [AndroidDriver] Screen already unlocked, doing nothing
2023-03-14 07:48:50:154 [AndroidUiautomator2Driver@8d6a (ec7138d7)] Starting 'io.appium.android.apis/.ApiDemos and waiting for 'io.appium.android.apis/.ApiDemos'
2023-03-14 07:48:50:155 [ADB] Running 'C:\Users\Pavan\AppData\Local\Android\Sdk\platform-tools\adb.exe -P 5037 -s RZ8N91KGFEH shell am start -W -n io.appium.android.apis/.ApiDemos -S -a android.intent.action.MAIN -c android.intent.category.LAUNCHER -f 0x10200000'
2023-03-14 07:48:52:984 [AndroidUiautomator2Driver@8d6a (ec7138d7)] Proxying [GET /appium/device/pixel_ratio] to [GET http://127.0.0.1:8201/session/2a212920-64bc-4f2c-a9ca-6f91cc52fc19/appium/device/pixel_ratio] with no body
2023-03-14 07:48:53:001 [AndroidUiautomator2Driver@8d6a (ec7138d7)] Got response with status 200: {"sessionId":"2a212920-64bc-4f2c-a9ca-6f91cc52fc19","value":2.625}
2023-03-14 07:48:53:003 [AndroidUiautomator2Driver@8d6a (ec7138d7)] Matched '/appium/device/system_bars' to command name 'getSystemBars'
2023-03-14 07:48:53:004 [AndroidUiautomator2Driver@8d6a (ec7138d7)] Proxying [GET /appium/device/system_bars] to [GET http://127.0.0.1:8201/session/2a212920-64bc-4f2c-a9ca-6f91cc52fc19/appium/device/system_bars] with no body
2023-03-14 07:48:53:014 [AndroidUiautomator2Driver@8d6a (ec7138d7)] Got response with status 200: {"sessionId":"2a212920-64bc-4f2c-a9ca-6f91cc52fc19","value":{"statusBar":91}}
2023-03-14 07:48:53:015 [AndroidUiautomator2Driver@8d6a (ec7138d7)] Matched '/window/current/size' to command name 'getWindowSize'
2023-03-14 07:48:53:015 [AndroidUiautomator2Driver@8d6a (ec7138d7)] Proxying [GET /window/current/size] to [GET http://127.0.0.1:8201/session/2a212920-64bc-4f2c-a9ca-6f91cc52fc19/window/current/size] with no body
2023-03-14 07:48:53:031 [AndroidUiautomator2Driver@8d6a (ec7138d7)] Got response with status 200: {"sessionId":"2a212920-64bc-4f2c-a9ca-6f91cc52fc19","value":{"height":2270,"width":1080}}
2023-03-14 07:48:53:031 [AppiumDriver@8785] New AndroidUiautomator2Driver session created successfully, session ec7138d7-f85c-4e7e-8f3f-87dafc984d34 added to master session list
2023-03-14 07:48:53:033 [AppiumDriver@8785] Event 'newSessionStarted' logged at 1678780133033 (13:18:53 GMT+0530 (India Standard Time))
2023-03-14 07:48:53:033 [AndroidUiautomator2Driver@8d6a (ec7138d7)] Cached the protocol value 'W3C' for the new session ec7138d7-f85c-4e7e-8f3f-87dafc984d34
2023-03-14 07:48:53:034 [AndroidUiautomator2Driver@8d6a (ec7138d7)] Responding to client with driver.createSession() result: {"capabilities":{"platform":"LINUX","webStorageEnabled":false,"takesScreenshot":true,"javascriptEnabled":true,"databaseEnabled":false,"networkConnectionEnabled":true,"locationContextEnabled":false,"warnings":{},"desired":{"platformName":"android","appActivity":".ApiDemos","appPackage":"io.appium.android.apis","automationName":"uiautomator2","deviceName":"Samsung","platformVersion":"12","udid":"RZ8N91KGFEH"},"platformName":"android","appActivity":".ApiDemos","appPackage":"io.appium.android.apis","automationName":"uiautomator2","deviceName":"RZ8N91KGFEH","platformVersion":"12","udid":"RZ8N91KGFEH","deviceUDID":"RZ8N91KGFEH","deviceApiLevel":31,"deviceScreenSize":"1080x2400","deviceScreenDensity":420,"deviceModel":"SM-M515F","deviceManufacturer":"samsung","pixelRatio":2.625,"statBarHeight":91,"viewportRect":{"left":0,"top":91,"width":1080,"height":2179}}}
2023-03-14 07:48:53:036 [HTTP] <-- POST /session 200 21033 ms - 925
2023-03-14 07:48:53:036 [HTTP] 
